#
# A fatal error has been detected by the Java Runtime Environment:
#
#  Internal Error (classFileParser.cpp:3494), pid=14388, tid=7616
#  Error: ShouldNotReachHere()
#
# JRE version: 6.0_43-b01
# Java VM: Java HotSpot(TM) 64-Bit Server VM (20.14-b01 mixed mode windows-amd64 compressed oops)
# If you would like to submit a bug report, please visit:
#   http://java.sun.com/webapps/bugreport/crash.jsp
#

---------------  T H R E A D  ---------------

Current thread (0x00000000005ed000):  JavaThread "Unknown thread" [_thread_in_vm, id=7616, stack(0x0000000001f60000,0x0000000002060000)]

Stack: [0x0000000001f60000,0x0000000002060000]
[error occurred during error reporting (printing stack bounds), id 0xc0000005]


---------------  P R O C E S S  ---------------

Java Threads: ( => current thread )

Other Threads:

=>0x00000000005ed000 (exited) JavaThread "Unknown thread" [_thread_in_vm, id=7616, stack(0x0000000001f60000,0x0000000002060000)]

VM state:not at safepoint (not fully initialized)

VM Mutex/Monitor currently owned by a thread: None

Dynamic libraries:
0x0000000000400000 - 0x000000000042f000 	C:\Program Files\Java\jdk1.6.0_43\bin\javaw.exe
0x00007ff8f2180000 - 0x00007ff8f232c000 	C:\Windows\SYSTEM32\ntdll.dll
0x00007ff8efac0000 - 0x00007ff8efbfa000 	C:\Windows\system32\KERNEL32.DLL
0x00007ff8ef5c0000 - 0x00007ff8ef6cf000 	C:\Windows\system32\KERNELBASE.dll
0x00007ff8ee070000 - 0x00007ff8ee0f8000 	C:\Windows\system32\apphelp.dll
0x00007ff8e3c80000 - 0x00007ff8e3ccf000 	C:\Windows\AppPatch\AppPatch64\AcGenral.DLL
0x00007ff8f1d90000 - 0x00007ff8f1e37000 	C:\Windows\system32\msvcrt.dll
0x00007ff8ef270000 - 0x00007ff8ef29b000 	C:\Windows\SYSTEM32\SspiCli.dll
0x00007ff8f2020000 - 0x00007ff8f2071000 	C:\Windows\system32\SHLWAPI.dll
0x00007ff8f1c10000 - 0x00007ff8f1d81000 	C:\Windows\system32\USER32.dll
0x00007ff8efd20000 - 0x00007ff8efe98000 	C:\Windows\system32\ole32.dll
0x00007ff8f0040000 - 0x00007ff8f144f000 	C:\Windows\system32\SHELL32.dll
0x00007ff8eee50000 - 0x00007ff8eee6e000 	C:\Windows\SYSTEM32\USERENV.dll
0x00007ff8efc70000 - 0x00007ff8efd15000 	C:\Windows\system32\ADVAPI32.dll
0x00007ff8e6850000 - 0x00007ff8e686b000 	C:\Windows\SYSTEM32\MPR.dll
0x00007ff8f1980000 - 0x00007ff8f1ab7000 	C:\Windows\system32\RPCRT4.dll
0x00007ff8f1920000 - 0x00007ff8f1977000 	C:\Windows\SYSTEM32\sechost.dll
0x00007ff8f1730000 - 0x00007ff8f1906000 	C:\Windows\SYSTEM32\combase.dll
0x00007ff8f1ac0000 - 0x00007ff8f1c04000 	C:\Windows\system32\GDI32.dll
0x00007ff8ef4f0000 - 0x00007ff8ef504000 	C:\Windows\SYSTEM32\profapi.dll
0x00007ff8eda40000 - 0x00007ff8edadf000 	C:\Windows\SYSTEM32\SHCORE.dll
0x00007ff8f1460000 - 0x00007ff8f1494000 	C:\Windows\system32\IMM32.DLL
0x00007ff8efea0000 - 0x00007ff8effd9000 	C:\Windows\system32\MSCTF.dll
0x00007ff8e3c40000 - 0x00007ff8e3c76000 	C:\PROGRA~2\SearchProtect\SearchProtect\bin\SPVC64Loader.dll
0x00007ff8ee550000 - 0x00007ff8ee55a000 	C:\Windows\SYSTEM32\VERSION.dll
0x00007ff8ef3b0000 - 0x00007ff8ef3e2000 	C:\Windows\system32\nvinitx.dll
0x000000000f000000 - 0x000000000f006000 	C:\Program Files\NVIDIA Corporation\CoProcManager\_etoured.dll
0x00007ff8ec170000 - 0x00007ff8ec1a3000 	C:\Program Files\NVIDIA Corporation\CoProcManager\nvd3d9wrapx.dll
0x00007ff8f1e40000 - 0x00007ff8f2014000 	C:\Windows\system32\SETUPAPI.dll
0x00007ff8ef7d0000 - 0x00007ff8ef81a000 	C:\Windows\system32\CFGMGR32.dll
0x00007ff8ec110000 - 0x00007ff8ec133000 	C:\Program Files\NVIDIA Corporation\CoProcManager\nvdxgiwrapx.dll
0x000000006d8c0000 - 0x000000006e07c000 	C:\Program Files\Java\jdk1.6.0_43\jre\bin\server\jvm.dll
0x00007ff8eb140000 - 0x00007ff8eb15f000 	C:\Windows\SYSTEM32\WINMM.dll
0x00007ff8eb110000 - 0x00007ff8eb13a000 	C:\Windows\SYSTEM32\WINMMBASE.dll
0x00007ff8ee2c0000 - 0x00007ff8ee2e6000 	C:\Windows\SYSTEM32\DEVOBJ.dll
0x000000006d830000 - 0x000000006d83e000 	C:\Program Files\Java\jdk1.6.0_43\jre\bin\verify.dll
0x000000006d450000 - 0x000000006d477000 	C:\Program Files\Java\jdk1.6.0_43\jre\bin\java.dll
0x000000006d880000 - 0x000000006d892000 	C:\Program Files\Java\jdk1.6.0_43\jre\bin\zip.dll
0x00007ff8f1910000 - 0x00007ff8f1917000 	C:\Windows\system32\PSAPI.DLL

VM Arguments:
jvm_args: -Dfile.encoding=UTF-8 -Xbootclasspath:D:\ADT\adt-bundle-windows-x86-20130917\sdk\platforms\android-19\android.jar 
java_command: com.yzqmusicplayer.util.Test
Launcher Type: SUN_STANDARD

Environment Variables:
JAVA_HOME=C:\Program Files\Java\jdk1.6.0_43;
CLASSPATH=C:\Program Files\Java\jdk1.6.0_43\lib;.
PATH=C:/Program Files/Java/jdk1.6.0_43/bin/../jre/bin/server;C:/Program Files/Java/jdk1.6.0_43/bin/../jre/bin;C:/Program Files/Java/jdk1.6.0_43/bin/../jre/lib/amd64;D:\Borland\CBUILD~1\Bin;D:\Borland\CBUILD~1\Projects\Bpl;C:\Program Files (x86)\NVIDIA Corporation\PhysX\Common;C:\Windows\system32;C:\Windows;C:\Windows\System32\Wbem;C:\Windows\System32\WindowsPowerShell\v1.0\;C:\Program Files (x86)\Intel\OpenCL SDK\2.0\bin\x86;C:\Program Files (x86)\Intel\OpenCL SDK\2.0\bin\x64£»D:\Tomcat£»\lib;;CATALINA_HOME\bin;C:\Program Files\Java\jdk1.6.0_43\bin;D:\Git\cmd;D:\Git\bin;D:\eclipse\eclipse;
USERNAME=leaf
OS=Windows_NT
PROCESSOR_IDENTIFIER=Intel64 Family 6 Model 42 Stepping 7, GenuineIntel



---------------  S Y S T E M  ---------------

OS: Windows 8 , 64 bit Build 9200 

CPU:total 4 (2 cores per cpu, 2 threads per core) family 6 model 42 stepping 7, cmov, cx8, fxsr, mmx, sse, sse2, sse3, ssse3, sse4.1, sse4.2, popcnt, ht

Memory: 4k page, physical 4136812k(1244724k free), swap 6758252k(2579784k free)

vm_info: Java HotSpot(TM) 64-Bit Server VM (20.14-b01) for windows-amd64 JRE (1.6.0_43-b01), built on Mar  1 2013 01:52:33 by "java_re" with MS VC++ 8.0 (VS2005)

time: Mon Feb 23 21:28:31 2015
elapsed time: 0 seconds

